<?xml version="1.0" encoding="UTF-8"?>
<!-- Generated by org.testng.reporters.JUnitReportReporter -->
<testsuite skipped="0" hostname="KPs-HP" name="com.herokuapp.testsuite.LoginPageTest" tests="3" failures="0" timestamp="2022-12-11T16:51:25 GMT" time="32.731" errors="0">
  <testcase name="verifyThePasswordErrorMessage" time="9.094" classname="com.herokuapp.testsuite.LoginPageTest"/>
  <system-out>
    <![CDATA[Enter user name 
Enter password  
Click on login button Login
Verify invalid user and password message Your password is invalid!
×]]>
  </system-out>
  <testcase name="verifyTheUsernameErrorMessage" time="15.395" classname="com.herokuapp.testsuite.LoginPageTest"/>
  <system-out>
    <![CDATA[Enter user name 
Enter password  
Click on login button Login
Verify invalid user and password message Your username is invalid!
×]]>
  </system-out>
  <testcase name="UserSholdLoginSuccessfullyWithValidCredentials" time="8.242" classname="com.herokuapp.testsuite.LoginPageTest"/>
  <system-out>
    <![CDATA[Enter user name 
Enter password  
Click on login button Login
Verify login successful text Secure Area]]>
  </system-out>
</testsuite> <!-- com.herokuapp.testsuite.LoginPageTest -->
